<?xml version="1.0" encoding="UTF-8" ?>
<testsuite failures="0" time="1.054" errors="0" skipped="0" tests="1" name="com.ericsson.fdp.command.rollback.cai.TestAddBlackBerryRollBack">
  <properties>
    <property name="java.runtime.name" value="Java(TM) SE Runtime Environment"/>
    <property name="sun.boot.library.path" value="C:\Program Files\Java\jdk1.7.0_80\jre\bin"/>
    <property name="java.vm.version" value="24.80-b11"/>
    <property name="java.vm.vendor" value="Oracle Corporation"/>
    <property name="java.vendor.url" value="http://java.oracle.com/"/>
    <property name="path.separator" value=";"/>
    <property name="java.vm.name" value="Java HotSpot(TM) 64-Bit Server VM"/>
    <property name="file.encoding.pkg" value="sun.io"/>
    <property name="user.script" value=""/>
    <property name="user.country" value="US"/>
    <property name="sun.java.launcher" value="SUN_STANDARD"/>
    <property name="sun.os.patch.level" value=""/>
    <property name="java.vm.specification.name" value="Java Virtual Machine Specification"/>
    <property name="user.dir" value="D:\CIS Ghana code\mtn_cis_ghana\fdpBusiness"/>
    <property name="java.runtime.version" value="1.7.0_80-b15"/>
    <property name="java.awt.graphicsenv" value="sun.awt.Win32GraphicsEnvironment"/>
    <property name="basedir" value="D:\CIS Ghana code\mtn_cis_ghana\fdpBusiness"/>
    <property name="java.endorsed.dirs" value="C:\Program Files\Java\jdk1.7.0_80\jre\lib\endorsed"/>
    <property name="os.arch" value="amd64"/>
    <property name="surefire.real.class.path" value="C:\Users\GUR47640\AppData\Local\Temp\surefirebooter8004381340700694903.jar"/>
    <property name="java.io.tmpdir" value="C:\Users\GUR47640\AppData\Local\Temp\"/>
    <property name="line.separator" value="
"/>
    <property name="java.vm.specification.vendor" value="Oracle Corporation"/>
    <property name="user.variant" value=""/>
    <property name="os.name" value="Windows 8.1"/>
    <property name="sun.jnu.encoding" value="Cp1252"/>
    <property name="java.library.path" value="C:\Program Files\Java\jdk1.7.0_80\jre\bin;C:\WINDOWS\Sun\Java\bin;C:\WINDOWS\system32;C:\WINDOWS;C:/Program Files/Java/jdk1.7.0_80/bin/../jre/bin/server;C:/Program Files/Java/jdk1.7.0_80/bin/../jre/bin;C:/Program Files/Java/jdk1.7.0_80/bin/../jre/lib/amd64;C:\Program Files (x86)\Black Duck Software\protexIP\bin;C:\Python36\Scripts\;C:\Python36\;C:\Program Files\Common Files\Microsoft Shared\Microsoft Online Services;C:\Program Files (x86)\Common Files\Microsoft Shared\Microsoft Online Services;C:\WINDOWS\system32;C:\WINDOWS;C:\WINDOWS\System32\Wbem;C:\WINDOWS\System32\WindowsPowerShell\v1.0\;C:\Windows\CCM;C:\Program Files\Citrix\System32\;C:\Program Files\Citrix\ICAService\;C:\Program Files\Citrix\Virtual Desktop Agent\;C:\Program Files\TortoiseGit\bin;C:\Gradle\gradle-3.5\bin;C:\Program Files\Amazon\AWSCLI\;C:\Program Files\nodejs\;C:\Users\GUR47640\AppData\Roaming\npm;C:\Program Files\Git\cmd;development npm start;C:\Program Files (x86)\PuTTY\;C:\Program Files\maven\bin;C:\Program Files\Java\jdk1.7.0_80\bin;C:\Program Files\TortoiseSVN\bin;C:\Users\GUR47640\AppData\Local\atom\bin;C:\Program Files\Docker Toolbox;%USERPROFILE%\AppData\Local\Microsoft\WindowsApps;;D:\Softwares\CIS soft\eclipse;;."/>
    <property name="surefire.test.class.path" value="D:\CIS Ghana code\mtn_cis_ghana\fdpBusiness\target\test-classes;D:\CIS Ghana code\mtn_cis_ghana\fdpBusiness\target\classes;C:\Users\GUR47640\.m2\repository\org\jboss\spec\javax\ejb\jboss-ejb-api_3.1_spec\1.0.1.Final\jboss-ejb-api_3.1_spec-1.0.1.Final.jar;C:\Users\GUR47640\.m2\repository\javax\enterprise\cdi-api\1.0-SP4\cdi-api-1.0-SP4.jar;C:\Users\GUR47640\.m2\repository\org\jboss\spec\javax\interceptor\jboss-interceptors-api_1.1_spec\1.0.0.Final\jboss-interceptors-api_1.1_spec-1.0.0.Final.jar;C:\Users\GUR47640\.m2\repository\javax\inject\javax.inject\1\javax.inject-1.jar;C:\Users\GUR47640\.m2\repository\org\hibernate\javax\persistence\hibernate-jpa-2.0-api\1.0.1.Final\hibernate-jpa-2.0-api-1.0.1.Final.jar;C:\Users\GUR47640\.m2\repository\org\hibernate\hibernate-validator\4.1.0.Final\hibernate-validator-4.1.0.Final.jar;C:\Users\GUR47640\.m2\repository\javax\validation\validation-api\1.0.0.GA\validation-api-1.0.0.GA.jar;C:\Users\GUR47640\.m2\repository\junit\junit\4.10\junit-4.10.jar;C:\Users\GUR47640\.m2\repository\org\hamcrest\hamcrest-core\1.1\hamcrest-core-1.1.jar;C:\Users\GUR47640\.m2\repository\org\mockito\mockito-core\2.0.5-beta\mockito-core-2.0.5-beta.jar;C:\Users\GUR47640\.m2\repository\org\objenesis\objenesis\2.1\objenesis-2.1.jar;C:\Users\GUR47640\.m2\repository\org\powermock\powermock-api-mockito\1.6.2\powermock-api-mockito-1.6.2.jar;C:\Users\GUR47640\.m2\repository\org\mockito\mockito-all\1.10.19\mockito-all-1.10.19.jar;C:\Users\GUR47640\.m2\repository\org\powermock\powermock-api-support\1.6.2\powermock-api-support-1.6.2.jar;C:\Users\GUR47640\.m2\repository\org\powermock\powermock-core\1.6.2\powermock-core-1.6.2.jar;C:\Users\GUR47640\.m2\repository\org\javassist\javassist\3.19.0-GA\javassist-3.19.0-GA.jar;C:\Users\GUR47640\.m2\repository\org\powermock\powermock-reflect\1.6.2\powermock-reflect-1.6.2.jar;C:\Users\GUR47640\.m2\repository\org\powermock\powermock-module-junit4\1.6.2\powermock-module-junit4-1.6.2.jar;C:\Users\GUR47640\.m2\repository\org\powermock\powermock-module-junit4-common\1.6.2\powermock-module-junit4-common-1.6.2.jar;D:\CIS Ghana code\mtn_cis_ghana\fdpCoreServices\target\fdpCoreServices-1.0.jar;D:\CIS Ghana code\mtn_cis_ghana\fdpDal\target\fdpDal-1.0.jar;D:\CIS Ghana code\mtn_cis_ghana\fdpCommon\target\fdpCommon-1.0.jar;C:\Users\GUR47640\.m2\repository\org\springframework\spring-core\3.2.0.RELEASE\spring-core-3.2.0.RELEASE.jar;C:\Users\GUR47640\.m2\repository\org\springframework\spring-context-support\3.2.0.RELEASE\spring-context-support-3.2.0.RELEASE.jar;C:\Users\GUR47640\.m2\repository\org\springframework\spring-expression\3.2.0.RELEASE\spring-expression-3.2.0.RELEASE.jar;C:\Users\GUR47640\.m2\repository\ch\qos\logback\logback-classic\1.0.9\logback-classic-1.0.9.jar;C:\Users\GUR47640\.m2\repository\ch\qos\logback\logback-core\1.0.9\logback-core-1.0.9.jar;C:\Users\GUR47640\.m2\repository\org\snmp4j\snmp4j-agent\1.3.1\snmp4j-agent-1.3.1.jar;C:\Users\GUR47640\.m2\repository\org\snmp4j\snmp4j\1.10.1\snmp4j-1.10.1.jar;C:\Users\GUR47640\.m2\repository\net\sf\dozer\dozer\5.4.0\dozer-5.4.0.jar;C:\Users\GUR47640\.m2\repository\org\slf4j\jcl-over-slf4j\1.6.6\jcl-over-slf4j-1.6.6.jar;C:\Users\GUR47640\.m2\repository\org\apache\commons\commons-lang3\3.1\commons-lang3-3.1.jar;C:\Users\GUR47640\.m2\repository\org\freemarker\freemarker\2.3.19\freemarker-2.3.19.jar;C:\Users\GUR47640\.m2\repository\org\apache\poi\poi\3.9\poi-3.9.jar;C:\Users\GUR47640\.m2\repository\org\springframework\spring-orm\3.2.0.RELEASE\spring-orm-3.2.0.RELEASE.jar;C:\Users\GUR47640\.m2\repository\org\springframework\spring-jdbc\3.2.0.RELEASE\spring-jdbc-3.2.0.RELEASE.jar;C:\Users\GUR47640\.m2\repository\aopalliance\aopalliance\1.0\aopalliance-1.0.jar;C:\Users\GUR47640\.m2\repository\org\hibernate\hibernate-core\4.1.10.Final\hibernate-core-4.1.10.Final.jar;C:\Users\GUR47640\.m2\repository\antlr\antlr\2.7.7\antlr-2.7.7.jar;C:\Users\GUR47640\.m2\repository\org\jboss\spec\javax\transaction\jboss-transaction-api_1.1_spec\1.0.0.Final\jboss-transaction-api_1.1_spec-1.0.0.Final.jar;C:\Users\GUR47640\.m2\repository\dom4j\dom4j\1.6.1\dom4j-1.6.1.jar;C:\Users\GUR47640\.m2\repository\org\hibernate\common\hibernate-commons-annotations\4.0.1.Final\hibernate-commons-annotations-4.0.1.Final.jar;C:\Users\GUR47640\.m2\repository\org\springframework\spring-tx\3.2.0.RELEASE\spring-tx-3.2.0.RELEASE.jar;C:\Users\GUR47640\.m2\repository\org\picketbox\jbosssx-client\3.0.0.CR2\jbosssx-client-3.0.0.CR2.jar;C:\Users\GUR47640\.m2\repository\org\postgresql\postgresql\9.2-1002-jdbc4\postgresql-9.2-1002-jdbc4.jar;C:\Users\GUR47640\.m2\repository\com\google\code\gson\gson\2.2.4\gson-2.2.4.jar;C:\Users\GUR47640\.m2\repository\org\mvel\mvel2\2.2.7.Final\mvel2-2.2.7.Final.jar;C:\Users\GUR47640\.m2\repository\org\apache\camel\camel-core\2.13.4\camel-core-2.13.4.jar;C:\Users\GUR47640\.m2\repository\org\slf4j\slf4j-api\1.6.6\slf4j-api-1.6.6.jar;C:\Users\GUR47640\.m2\repository\com\sun\xml\bind\jaxb-impl\2.2.6\jaxb-impl-2.2.6.jar;C:\Users\GUR47640\.m2\repository\org\apache\camel\camel-spring\2.13.4\camel-spring-2.13.4.jar;C:\Users\GUR47640\.m2\repository\org\springframework\spring-context\3.2.0.RELEASE\spring-context-3.2.0.RELEASE.jar;C:\Users\GUR47640\.m2\repository\org\springframework\spring-aop\3.2.0.RELEASE\spring-aop-3.2.0.RELEASE.jar;C:\Users\GUR47640\.m2\repository\org\apache\camel\camel-http\2.13.4\camel-http-2.13.4.jar;C:\Users\GUR47640\.m2\repository\org\apache\geronimo\specs\geronimo-servlet_3.0_spec\1.0\geronimo-servlet_3.0_spec-1.0.jar;C:\Users\GUR47640\.m2\repository\commons-httpclient\commons-httpclient\3.1\commons-httpclient-3.1.jar;C:\Users\GUR47640\.m2\repository\org\apache\camel\camel-smpp\2.11.0\camel-smpp-2.11.0.jar;C:\Users\GUR47640\.m2\repository\org\apache\servicemix\bundles\org.apache.servicemix.bundles.jsmpp\2.1.0_6\org.apache.servicemix.bundles.jsmpp-2.1.0_6.jar;C:\Users\GUR47640\.m2\repository\org\apache\camel\camel-jms\2.13.4\camel-jms-2.13.4.jar;C:\Users\GUR47640\.m2\repository\org\springframework\spring-jms\3.2.11.RELEASE\spring-jms-3.2.11.RELEASE.jar;C:\Users\GUR47640\.m2\repository\org\springframework\spring-beans\3.2.0.RELEASE\spring-beans-3.2.0.RELEASE.jar;C:\Users\GUR47640\.m2\repository\org\apache\camel\camel-cdi\2.13.4\camel-cdi-2.13.4.jar;C:\Users\GUR47640\.m2\repository\org\apache\deltaspike\core\deltaspike-core-api\0.7\deltaspike-core-api-0.7.jar;C:\Users\GUR47640\.m2\repository\org\apache\deltaspike\core\deltaspike-core-impl\0.7\deltaspike-core-impl-0.7.jar;C:\Users\GUR47640\.m2\repository\org\apache\deltaspike\cdictrl\deltaspike-cdictrl-api\0.7\deltaspike-cdictrl-api-0.7.jar;C:\Users\GUR47640\.m2\repository\org\apache\camel\camel-servlet\2.13.4\camel-servlet-2.13.4.jar;C:\Users\GUR47640\.m2\repository\org\apache\camel\camel-jetty\2.13.4\camel-jetty-2.13.4.jar;C:\Users\GUR47640\.m2\repository\org\eclipse\jetty\jetty-server\8.1.14.v20131031\jetty-server-8.1.14.v20131031.jar;C:\Users\GUR47640\.m2\repository\org\eclipse\jetty\jetty-continuation\8.1.14.v20131031\jetty-continuation-8.1.14.v20131031.jar;C:\Users\GUR47640\.m2\repository\org\eclipse\jetty\jetty-http\8.1.14.v20131031\jetty-http-8.1.14.v20131031.jar;C:\Users\GUR47640\.m2\repository\org\eclipse\jetty\jetty-io\8.1.14.v20131031\jetty-io-8.1.14.v20131031.jar;C:\Users\GUR47640\.m2\repository\org\eclipse\jetty\jetty-servlet\8.1.14.v20131031\jetty-servlet-8.1.14.v20131031.jar;C:\Users\GUR47640\.m2\repository\org\eclipse\jetty\jetty-security\8.1.14.v20131031\jetty-security-8.1.14.v20131031.jar;C:\Users\GUR47640\.m2\repository\org\eclipse\jetty\jetty-servlets\8.1.14.v20131031\jetty-servlets-8.1.14.v20131031.jar;C:\Users\GUR47640\.m2\repository\org\eclipse\jetty\jetty-util\8.1.14.v20131031\jetty-util-8.1.14.v20131031.jar;C:\Users\GUR47640\.m2\repository\org\eclipse\jetty\jetty-client\8.1.14.v20131031\jetty-client-8.1.14.v20131031.jar;C:\Users\GUR47640\.m2\repository\org\eclipse\jetty\jetty-jmx\8.1.14.v20131031\jetty-jmx-8.1.14.v20131031.jar;C:\Users\GUR47640\.m2\repository\org\apache\camel\camel-mina2\2.13.4\camel-mina2-2.13.4.jar;C:\Users\GUR47640\.m2\repository\org\apache\mina\mina-core\2.0.7\mina-core-2.0.7.jar;C:\Users\GUR47640\.m2\repository\org\apache\camel\camel-ssh\2.13.4\camel-ssh-2.13.4.jar;C:\Users\GUR47640\.m2\repository\org\apache\sshd\sshd-core\0.10.1\sshd-core-0.10.1.jar;C:\Users\GUR47640\.m2\repository\org\bouncycastle\bcpg-jdk15on\1.51\bcpg-jdk15on-1.51.jar;C:\Users\GUR47640\.m2\repository\org\bouncycastle\bcprov-jdk15on\1.51\bcprov-jdk15on-1.51.jar;C:\Users\GUR47640\.m2\repository\org\bouncycastle\bcpkix-jdk15on\1.51\bcpkix-jdk15on-1.51.jar;C:\Users\GUR47640\.m2\repository\org\apache\camel\camel-netty\2.13.4\camel-netty-2.13.4.jar;C:\Users\GUR47640\.m2\repository\io\netty\netty\3.9.2.Final\netty-3.9.2.Final.jar;C:\Users\GUR47640\.m2\repository\commons-codec\commons-codec\20041127.091804\commons-codec-20041127.091804.jar;C:\Users\GUR47640\.m2\repository\org\apache\activemq\activemq-all\5.11.1\activemq-all-5.11.1.jar;C:\Users\GUR47640\.m2\repository\javax\javaee-api\6.0\javaee-api-6.0.jar;C:\Users\GUR47640\.m2\repository\commons-net\commons-net\3.3\commons-net-3.3.jar;C:\Users\GUR47640\.m2\repository\org\jboss\ejb3\jboss-ejb3-ext-api\2.1.0\jboss-ejb3-ext-api-2.1.0.jar;C:\Users\GUR47640\.m2\repository\uk\com\robust-it\cloning\1.9.2\cloning-1.9.2.jar;C:\Users\GUR47640\.m2\repository\com\fasterxml\jackson\core\jackson-databind\2.2.3\jackson-databind-2.2.3.jar;C:\Users\GUR47640\.m2\repository\com\fasterxml\jackson\core\jackson-annotations\2.2.3\jackson-annotations-2.2.3.jar;C:\Users\GUR47640\.m2\repository\com\fasterxml\jackson\core\jackson-core\2.2.3\jackson-core-2.2.3.jar;C:\Users\GUR47640\.m2\repository\org\json\json\20140107\json-20140107.jar;C:\Users\GUR47640\.m2\repository\org\codehaus\jackson\jackson-jaxrs\1.9.12\jackson-jaxrs-1.9.12.jar;C:\Users\GUR47640\.m2\repository\org\codehaus\jackson\jackson-core-asl\1.9.12\jackson-core-asl-1.9.12.jar;C:\Users\GUR47640\.m2\repository\org\codehaus\jackson\jackson-mapper-asl\1.9.12\jackson-mapper-asl-1.9.12.jar;C:\Users\GUR47640\.m2\repository\org\jboss\arquillian\junit\arquillian-junit-container\1.0.0.CR4\arquillian-junit-container-1.0.0.CR4.jar;C:\Users\GUR47640\.m2\repository\org\jboss\arquillian\junit\arquillian-junit-core\1.0.0.CR4\arquillian-junit-core-1.0.0.CR4.jar;C:\Users\GUR47640\.m2\repository\org\jboss\arquillian\test\arquillian-test-api\1.0.0.CR4\arquillian-test-api-1.0.0.CR4.jar;C:\Users\GUR47640\.m2\repository\org\jboss\arquillian\core\arquillian-core-api\1.0.0.CR4\arquillian-core-api-1.0.0.CR4.jar;C:\Users\GUR47640\.m2\repository\org\jboss\arquillian\test\arquillian-test-spi\1.0.0.CR4\arquillian-test-spi-1.0.0.CR4.jar;C:\Users\GUR47640\.m2\repository\org\jboss\arquillian\core\arquillian-core-spi\1.0.0.CR4\arquillian-core-spi-1.0.0.CR4.jar;C:\Users\GUR47640\.m2\repository\org\jboss\shrinkwrap\shrinkwrap-api\1.0.0-beta-5\shrinkwrap-api-1.0.0-beta-5.jar;C:\Users\GUR47640\.m2\repository\org\jboss\arquillian\container\arquillian-container-test-api\1.0.0.CR4\arquillian-container-test-api-1.0.0.CR4.jar;C:\Users\GUR47640\.m2\repository\org\jboss\arquillian\container\arquillian-container-test-spi\1.0.0.CR4\arquillian-container-test-spi-1.0.0.CR4.jar;C:\Users\GUR47640\.m2\repository\org\jboss\arquillian\container\arquillian-container-spi\1.0.0.CR4\arquillian-container-spi-1.0.0.CR4.jar;C:\Users\GUR47640\.m2\repository\org\jboss\shrinkwrap\descriptors\shrinkwrap-descriptors-api\1.1.0-alpha-2\shrinkwrap-descriptors-api-1.1.0-alpha-2.jar;C:\Users\GUR47640\.m2\repository\org\jboss\arquillian\core\arquillian-core-impl-base\1.0.0.CR4\arquillian-core-impl-base-1.0.0.CR4.jar;C:\Users\GUR47640\.m2\repository\org\jboss\arquillian\test\arquillian-test-impl-base\1.0.0.CR4\arquillian-test-impl-base-1.0.0.CR4.jar;C:\Users\GUR47640\.m2\repository\org\jboss\arquillian\container\arquillian-container-impl-base\1.0.0.CR4\arquillian-container-impl-base-1.0.0.CR4.jar;C:\Users\GUR47640\.m2\repository\org\jboss\arquillian\config\arquillian-config-api\1.0.0.CR4\arquillian-config-api-1.0.0.CR4.jar;C:\Users\GUR47640\.m2\repository\org\jboss\arquillian\config\arquillian-config-impl-base\1.0.0.CR4\arquillian-config-impl-base-1.0.0.CR4.jar;C:\Users\GUR47640\.m2\repository\org\jboss\shrinkwrap\descriptors\shrinkwrap-descriptors-spi\1.1.0-alpha-2\shrinkwrap-descriptors-spi-1.1.0-alpha-2.jar;C:\Users\GUR47640\.m2\repository\org\jboss\arquillian\container\arquillian-container-test-impl-base\1.0.0.CR4\arquillian-container-test-impl-base-1.0.0.CR4.jar;C:\Users\GUR47640\.m2\repository\org\jboss\shrinkwrap\shrinkwrap-impl-base\1.0.0-beta-5\shrinkwrap-impl-base-1.0.0-beta-5.jar;C:\Users\GUR47640\.m2\repository\org\jboss\shrinkwrap\shrinkwrap-spi\1.0.0-beta-5\shrinkwrap-spi-1.0.0-beta-5.jar;C:\Users\GUR47640\.m2\repository\org\jboss\as\jboss-as-clustering-singleton\7.3.0.Final-redhat-14\jboss-as-clustering-singleton-7.3.0.Final-redhat-14.jar;C:\Users\GUR47640\.m2\repository\org\jboss\as\jboss-as-clustering-service\7.3.0.Final-redhat-14\jboss-as-clustering-service-7.3.0.Final-redhat-14.jar;C:\Users\GUR47640\.m2\repository\org\jboss\as\jboss-as-clustering-impl\7.3.0.Final-redhat-14\jboss-as-clustering-impl-7.3.0.Final-redhat-14.jar;C:\Users\GUR47640\.m2\repository\org\jboss\as\jboss-as-clustering-infinispan\7.3.0.Final-redhat-14\jboss-as-clustering-infinispan-7.3.0.Final-redhat-14.jar;C:\Users\GUR47640\.m2\repository\org\jboss\as\jboss-as-clustering-api\7.3.0.Final-redhat-14\jboss-as-clustering-api-7.3.0.Final-redhat-14.jar;C:\Users\GUR47640\.m2\repository\org\jboss\as\jboss-as-clustering-jgroups\7.3.0.Final-redhat-14\jboss-as-clustering-jgroups-7.3.0.Final-redhat-14.jar;C:\Users\GUR47640\.m2\repository\org\jboss\as\jboss-as-clustering-common\7.3.0.Final-redhat-14\jboss-as-clustering-common-7.3.0.Final-redhat-14.jar;C:\Users\GUR47640\.m2\repository\org\jboss\jboss-dmr\1.2.0.Final-redhat-1\jboss-dmr-1.2.0.Final-redhat-1.jar;C:\Users\GUR47640\.m2\repository\org\jboss\as\jboss-as-network\7.3.0.Final-redhat-14\jboss-as-network-7.3.0.Final-redhat-14.jar;C:\Users\GUR47640\.m2\repository\org\jboss\as\jboss-as-server\7.3.0.Final-redhat-14\jboss-as-server-7.3.0.Final-redhat-14.jar;C:\Users\GUR47640\.m2\repository\org\jboss\as\jboss-as-domain-http-interface\7.3.0.Final-redhat-14\jboss-as-domain-http-interface-7.3.0.Final-redhat-14.jar;C:\Users\GUR47640\.m2\repository\org\jboss\as\jboss-as-domain-management\7.3.0.Final-redhat-14\jboss-as-domain-management-7.3.0.Final-redhat-14.jar;C:\Users\GUR47640\.m2\repository\org\jboss\com\sun\httpserver\httpserver\1.0.1.Final-redhat-3\httpserver-1.0.1.Final-redhat-3.jar;C:\Users\GUR47640\.m2\repository\org\jboss\as\jboss-as-deployment-repository\7.3.0.Final-redhat-14\jboss-as-deployment-repository-7.3.0.Final-redhat-14.jar;C:\Users\GUR47640\.m2\repository\org\jboss\as\jboss-as-protocol\7.3.0.Final-redhat-14\jboss-as-protocol-7.3.0.Final-redhat-14.jar;C:\Users\GUR47640\.m2\repository\org\jboss\as\jboss-as-platform-mbean\7.3.0.Final-redhat-14\jboss-as-platform-mbean-7.3.0.Final-redhat-14.jar;C:\Users\GUR47640\.m2\repository\org\jboss\as\jboss-as-process-controller\7.3.0.Final-redhat-14\jboss-as-process-controller-7.3.0.Final-redhat-14.jar;C:\Users\GUR47640\.m2\repository\org\jboss\as\jboss-as-remoting\7.3.0.Final-redhat-14\jboss-as-remoting-7.3.0.Final-redhat-14.jar;C:\Users\GUR47640\.m2\repository\org\jboss\as\jboss-as-version\7.3.0.Final-redhat-14\jboss-as-version-7.3.0.Final-redhat-14.jar;C:\Users\GUR47640\.m2\repository\org\jboss\jandex\1.0.3.Final-redhat-2\jandex-1.0.3.Final-redhat-2.jar;C:\Users\GUR47640\.m2\repository\org\jboss\logmanager\jboss-logmanager\1.5.1.Final-redhat-1\jboss-logmanager-1.5.1.Final-redhat-1.jar;C:\Users\GUR47640\.m2\repository\org\jboss\logmanager\log4j-jboss-logmanager\1.0.2.Final-redhat-1\log4j-jboss-logmanager-1.0.2.Final-redhat-1.jar;C:\Users\GUR47640\.m2\repository\org\jboss\modules\jboss-modules\1.3.0.Final-redhat-2\jboss-modules-1.3.0.Final-redhat-2.jar;C:\Users\GUR47640\.m2\repository\org\jboss\stdio\jboss-stdio\1.0.2.GA-redhat-1\jboss-stdio-1.0.2.GA-redhat-1.jar;C:\Users\GUR47640\.m2\repository\org\jboss\jboss-vfs\3.2.2.Final-redhat-1\jboss-vfs-3.2.2.Final-redhat-1.jar;C:\Users\GUR47640\.m2\repository\org\jboss\as\jboss-as-ee\7.3.0.Final-redhat-14\jboss-as-ee-7.3.0.Final-redhat-14.jar;C:\Users\GUR47640\.m2\repository\org\jboss\metadata\jboss-metadata-common\7.0.8.Final-redhat-1\jboss-metadata-common-7.0.8.Final-redhat-1.jar;C:\Users\GUR47640\.m2\repository\org\jboss\spec\javax\xml\bind\jboss-jaxb-api_2.2_spec\1.0.2.Final\jboss-jaxb-api_2.2_spec-1.0.2.Final.jar;C:\Users\GUR47640\.m2\repository\org\jboss\metadata\jboss-metadata-ear\7.0.8.Final-redhat-1\jboss-metadata-ear-7.0.8.Final-redhat-1.jar;C:\Users\GUR47640\.m2\repository\org\jboss\msc\jboss-msc\1.0.4.GA-redhat-1\jboss-msc-1.0.4.GA-redhat-1.jar;C:\Users\GUR47640\.m2\repository\org\jboss\spec\javax\annotation\jboss-annotations-api_1.1_spec\1.0.0.Final\jboss-annotations-api_1.1_spec-1.0.0.Final.jar;C:\Users\GUR47640\.m2\repository\org\jboss\invocation\jboss-invocation\1.1.2.Final-redhat-1\jboss-invocation-1.1.2.Final-redhat-1.jar;C:\Users\GUR47640\.m2\repository\org\jboss\as\jboss-as-naming\7.3.0.Final-redhat-14\jboss-as-naming-7.3.0.Final-redhat-14.jar;C:\Users\GUR47640\.m2\repository\org\jboss\jboss-remote-naming\1.0.7.Final-redhat-1\jboss-remote-naming-1.0.7.Final-redhat-1.jar;C:\Users\GUR47640\.m2\repository\org\jboss\jboss-ejb-client\1.0.13.Final\jboss-ejb-client-1.0.13.Final.jar;C:\Users\GUR47640\.m2\repository\org\jboss\as\jboss-as-jmx\7.3.0.Final-redhat-14\jboss-as-jmx-7.3.0.Final-redhat-14.jar;C:\Users\GUR47640\.m2\repository\org\jboss\jboss-common-core\2.2.17.GA-redhat-2\jboss-common-core-2.2.17.GA-redhat-2.jar;C:\Users\GUR47640\.m2\repository\org\jboss\remotingjmx\remoting-jmx\1.1.2.Final-redhat-1\remoting-jmx-1.1.2.Final-redhat-1.jar;C:\Users\GUR47640\.m2\repository\org\jboss\xnio\xnio-nio\3.0.7.GA\xnio-nio-3.0.7.GA.jar;C:\Users\GUR47640\.m2\repository\org\jboss\as\jboss-as-threads\7.3.0.Final-redhat-14\jboss-as-threads-7.3.0.Final-redhat-14.jar;C:\Users\GUR47640\.m2\repository\org\jboss\as\jboss-as-controller\7.3.0.Final-redhat-14\jboss-as-controller-7.3.0.Final-redhat-14.jar;C:\Users\GUR47640\.m2\repository\org\jboss\as\jboss-as-controller-client\7.3.0.Final-redhat-14\jboss-as-controller-client-7.3.0.Final-redhat-14.jar;C:\Users\GUR47640\.m2\repository\org\wildfly\wildfly-core-security\7.3.0.Final-redhat-14\wildfly-core-security-7.3.0.Final-redhat-14.jar;C:\Users\GUR47640\.m2\repository\org\jboss\staxmapper\1.1.0.Final-redhat-2\staxmapper-1.1.0.Final-redhat-2.jar;C:\Users\GUR47640\.m2\repository\org\jboss\threads\jboss-threads\2.1.1.Final-redhat-1\jboss-threads-2.1.1.Final-redhat-1.jar;C:\Users\GUR47640\.m2\repository\org\jboss\as\jboss-as-transactions\7.3.0.Final-redhat-14\jboss-as-transactions-7.3.0.Final-redhat-14.jar;C:\Users\GUR47640\.m2\repository\org\jboss\as\jboss-as-jacorb\7.3.0.Final-redhat-14\jboss-as-jacorb-7.3.0.Final-redhat-14.jar;C:\Users\GUR47640\.m2\repository\org\jboss\spec\javax\rmi\jboss-rmi-api_1.0_spec\1.0.4.Final-redhat-2\jboss-rmi-api_1.0_spec-1.0.4.Final-redhat-2.jar;C:\Users\GUR47640\.m2\repository\org\jboss\metadata\jboss-metadata-ejb\7.0.8.Final-redhat-1\jboss-metadata-ejb-7.0.8.Final-redhat-1.jar;C:\Users\GUR47640\.m2\repository\org\picketbox\picketbox\4.0.19.SP2-redhat-1\picketbox-4.0.19.SP2-redhat-1.jar;C:\Users\GUR47640\.m2\repository\org\jacorb\jacorb\2.3.2.redhat-5\jacorb-2.3.2.redhat-5.jar;C:\Users\GUR47640\.m2\repository\org\jboss\jboss-transaction-spi\7.0.0.Final-redhat-2\jboss-transaction-spi-7.0.0.Final-redhat-2.jar;C:\Users\GUR47640\.m2\repository\org\jboss\jbossts\jts\jbossjts-jacorb\4.17.15.Final-redhat-4\jbossjts-jacorb-4.17.15.Final-redhat-4.jar;C:\Users\GUR47640\.m2\repository\org\hornetq\hornetq-journal\2.3.12.Final-redhat-1\hornetq-journal-2.3.12.Final-redhat-1.jar;C:\Users\GUR47640\.m2\repository\org\hornetq\hornetq-commons\2.3.12.Final-redhat-1\hornetq-commons-2.3.12.Final-redhat-1.jar;C:\Users\GUR47640\.m2\repository\org\jboss\jbossts\jts\jbossjts-integration\4.17.15.Final-redhat-4\jbossjts-integration-4.17.15.Final-redhat-4.jar;C:\Users\GUR47640\.m2\repository\org\jboss\spec\javax\resource\jboss-connector-api_1.6_spec\1.0.0.Final\jboss-connector-api_1.6_spec-1.0.0.Final.jar;C:\Users\GUR47640\.m2\repository\org\infinispan\infinispan-core\5.2.7.Final-redhat-2\infinispan-core-5.2.7.Final-redhat-2.jar;C:\Users\GUR47640\.m2\repository\org\infinispan\infinispan-cachestore-jdbc\5.2.7.Final-redhat-2\infinispan-cachestore-jdbc-5.2.7.Final-redhat-2.jar;C:\Users\GUR47640\.m2\repository\org\infinispan\infinispan-cachestore-remote\5.2.7.Final-redhat-2\infinispan-cachestore-remote-5.2.7.Final-redhat-2.jar;C:\Users\GUR47640\.m2\repository\net\jcip\jcip-annotations\1.0.redhat-6\jcip-annotations-1.0.redhat-6.jar;C:\Program Files\Java\jdk1.7.0_80\jre\..\lib\tools.jar;C:\Users\GUR47640\.m2\repository\org\jboss\as\jboss-as-build-config\7.3.0.Final-redhat-14\jboss-as-build-config-7.3.0.Final-redhat-14.jar;C:\Users\GUR47640\.m2\repository\org\jboss\remoting3\jboss-remoting\3.2.18.GA\jboss-remoting-3.2.18.GA.jar;C:\Users\GUR47640\.m2\repository\org\jboss\logging\jboss-logging\3.1.0.GA\jboss-logging-3.1.0.GA.jar;C:\Users\GUR47640\.m2\repository\org\jboss\xnio\xnio-api\3.0.7.GA\xnio-api-3.0.7.GA.jar;C:\Users\GUR47640\.m2\repository\org\jboss\sasl\jboss-sasl\1.0.3.Final\jboss-sasl-1.0.3.Final.jar;C:\Users\GUR47640\.m2\repository\org\jboss\marshalling\jboss-marshalling-river\1.4.2.Final\jboss-marshalling-river-1.4.2.Final.jar;C:\Users\GUR47640\.m2\repository\org\jboss\marshalling\jboss-marshalling\1.4.2.Final\jboss-marshalling-1.4.2.Final.jar;C:\Users\GUR47640\.m2\repository\commons-validator\commons-validator\1.6\commons-validator-1.6.jar;C:\Users\GUR47640\.m2\repository\commons-beanutils\commons-beanutils\1.9.2\commons-beanutils-1.9.2.jar;C:\Users\GUR47640\.m2\repository\commons-digester\commons-digester\1.8.1\commons-digester-1.8.1.jar;C:\Users\GUR47640\.m2\repository\commons-logging\commons-logging\1.2\commons-logging-1.2.jar;C:\Users\GUR47640\.m2\repository\commons-collections\commons-collections\3.2.1\commons-collections-3.2.1.jar;C:\Users\GUR47640\.m2\repository\org\infinispan\infinispan-client-hotrod\7.2.3.Final\infinispan-client-hotrod-7.2.3.Final.jar;C:\Users\GUR47640\.m2\repository\org\infinispan\infinispan-commons\7.2.3.Final\infinispan-commons-7.2.3.Final.jar;C:\Users\GUR47640\.m2\repository\commons-pool\commons-pool\1.6\commons-pool-1.6.jar;"/>
    <property name="java.specification.name" value="Java Platform API Specification"/>
    <property name="java.class.version" value="51.0"/>
    <property name="sun.management.compiler" value="HotSpot 64-Bit Tiered Compilers"/>
    <property name="os.version" value="6.3"/>
    <property name="user.home" value="C:\Users\GUR47640"/>
    <property name="user.timezone" value="Asia/Calcutta"/>
    <property name="java.awt.printerjob" value="sun.awt.windows.WPrinterJob"/>
    <property name="java.specification.version" value="1.7"/>
    <property name="file.encoding" value="Cp1252"/>
    <property name="user.name" value="GUR47640"/>
    <property name="java.class.path" value="D:\CIS Ghana code\mtn_cis_ghana\fdpBusiness\target\test-classes;D:\CIS Ghana code\mtn_cis_ghana\fdpBusiness\target\classes;C:\Users\GUR47640\.m2\repository\org\jboss\spec\javax\ejb\jboss-ejb-api_3.1_spec\1.0.1.Final\jboss-ejb-api_3.1_spec-1.0.1.Final.jar;C:\Users\GUR47640\.m2\repository\javax\enterprise\cdi-api\1.0-SP4\cdi-api-1.0-SP4.jar;C:\Users\GUR47640\.m2\repository\org\jboss\spec\javax\interceptor\jboss-interceptors-api_1.1_spec\1.0.0.Final\jboss-interceptors-api_1.1_spec-1.0.0.Final.jar;C:\Users\GUR47640\.m2\repository\javax\inject\javax.inject\1\javax.inject-1.jar;C:\Users\GUR47640\.m2\repository\org\hibernate\javax\persistence\hibernate-jpa-2.0-api\1.0.1.Final\hibernate-jpa-2.0-api-1.0.1.Final.jar;C:\Users\GUR47640\.m2\repository\org\hibernate\hibernate-validator\4.1.0.Final\hibernate-validator-4.1.0.Final.jar;C:\Users\GUR47640\.m2\repository\javax\validation\validation-api\1.0.0.GA\validation-api-1.0.0.GA.jar;C:\Users\GUR47640\.m2\repository\junit\junit\4.10\junit-4.10.jar;C:\Users\GUR47640\.m2\repository\org\hamcrest\hamcrest-core\1.1\hamcrest-core-1.1.jar;C:\Users\GUR47640\.m2\repository\org\mockito\mockito-core\2.0.5-beta\mockito-core-2.0.5-beta.jar;C:\Users\GUR47640\.m2\repository\org\objenesis\objenesis\2.1\objenesis-2.1.jar;C:\Users\GUR47640\.m2\repository\org\powermock\powermock-api-mockito\1.6.2\powermock-api-mockito-1.6.2.jar;C:\Users\GUR47640\.m2\repository\org\mockito\mockito-all\1.10.19\mockito-all-1.10.19.jar;C:\Users\GUR47640\.m2\repository\org\powermock\powermock-api-support\1.6.2\powermock-api-support-1.6.2.jar;C:\Users\GUR47640\.m2\repository\org\powermock\powermock-core\1.6.2\powermock-core-1.6.2.jar;C:\Users\GUR47640\.m2\repository\org\javassist\javassist\3.19.0-GA\javassist-3.19.0-GA.jar;C:\Users\GUR47640\.m2\repository\org\powermock\powermock-reflect\1.6.2\powermock-reflect-1.6.2.jar;C:\Users\GUR47640\.m2\repository\org\powermock\powermock-module-junit4\1.6.2\powermock-module-junit4-1.6.2.jar;C:\Users\GUR47640\.m2\repository\org\powermock\powermock-module-junit4-common\1.6.2\powermock-module-junit4-common-1.6.2.jar;D:\CIS Ghana code\mtn_cis_ghana\fdpCoreServices\target\fdpCoreServices-1.0.jar;D:\CIS Ghana code\mtn_cis_ghana\fdpDal\target\fdpDal-1.0.jar;D:\CIS Ghana code\mtn_cis_ghana\fdpCommon\target\fdpCommon-1.0.jar;C:\Users\GUR47640\.m2\repository\org\springframework\spring-core\3.2.0.RELEASE\spring-core-3.2.0.RELEASE.jar;C:\Users\GUR47640\.m2\repository\org\springframework\spring-context-support\3.2.0.RELEASE\spring-context-support-3.2.0.RELEASE.jar;C:\Users\GUR47640\.m2\repository\org\springframework\spring-expression\3.2.0.RELEASE\spring-expression-3.2.0.RELEASE.jar;C:\Users\GUR47640\.m2\repository\ch\qos\logback\logback-classic\1.0.9\logback-classic-1.0.9.jar;C:\Users\GUR47640\.m2\repository\ch\qos\logback\logback-core\1.0.9\logback-core-1.0.9.jar;C:\Users\GUR47640\.m2\repository\org\snmp4j\snmp4j-agent\1.3.1\snmp4j-agent-1.3.1.jar;C:\Users\GUR47640\.m2\repository\org\snmp4j\snmp4j\1.10.1\snmp4j-1.10.1.jar;C:\Users\GUR47640\.m2\repository\net\sf\dozer\dozer\5.4.0\dozer-5.4.0.jar;C:\Users\GUR47640\.m2\repository\org\slf4j\jcl-over-slf4j\1.6.6\jcl-over-slf4j-1.6.6.jar;C:\Users\GUR47640\.m2\repository\org\apache\commons\commons-lang3\3.1\commons-lang3-3.1.jar;C:\Users\GUR47640\.m2\repository\org\freemarker\freemarker\2.3.19\freemarker-2.3.19.jar;C:\Users\GUR47640\.m2\repository\org\apache\poi\poi\3.9\poi-3.9.jar;C:\Users\GUR47640\.m2\repository\org\springframework\spring-orm\3.2.0.RELEASE\spring-orm-3.2.0.RELEASE.jar;C:\Users\GUR47640\.m2\repository\org\springframework\spring-jdbc\3.2.0.RELEASE\spring-jdbc-3.2.0.RELEASE.jar;C:\Users\GUR47640\.m2\repository\aopalliance\aopalliance\1.0\aopalliance-1.0.jar;C:\Users\GUR47640\.m2\repository\org\hibernate\hibernate-core\4.1.10.Final\hibernate-core-4.1.10.Final.jar;C:\Users\GUR47640\.m2\repository\antlr\antlr\2.7.7\antlr-2.7.7.jar;C:\Users\GUR47640\.m2\repository\org\jboss\spec\javax\transaction\jboss-transaction-api_1.1_spec\1.0.0.Final\jboss-transaction-api_1.1_spec-1.0.0.Final.jar;C:\Users\GUR47640\.m2\repository\dom4j\dom4j\1.6.1\dom4j-1.6.1.jar;C:\Users\GUR47640\.m2\repository\org\hibernate\common\hibernate-commons-annotations\4.0.1.Final\hibernate-commons-annotations-4.0.1.Final.jar;C:\Users\GUR47640\.m2\repository\org\springframework\spring-tx\3.2.0.RELEASE\spring-tx-3.2.0.RELEASE.jar;C:\Users\GUR47640\.m2\repository\org\picketbox\jbosssx-client\3.0.0.CR2\jbosssx-client-3.0.0.CR2.jar;C:\Users\GUR47640\.m2\repository\org\postgresql\postgresql\9.2-1002-jdbc4\postgresql-9.2-1002-jdbc4.jar;C:\Users\GUR47640\.m2\repository\com\google\code\gson\gson\2.2.4\gson-2.2.4.jar;C:\Users\GUR47640\.m2\repository\org\mvel\mvel2\2.2.7.Final\mvel2-2.2.7.Final.jar;C:\Users\GUR47640\.m2\repository\org\apache\camel\camel-core\2.13.4\camel-core-2.13.4.jar;C:\Users\GUR47640\.m2\repository\org\slf4j\slf4j-api\1.6.6\slf4j-api-1.6.6.jar;C:\Users\GUR47640\.m2\repository\com\sun\xml\bind\jaxb-impl\2.2.6\jaxb-impl-2.2.6.jar;C:\Users\GUR47640\.m2\repository\org\apache\camel\camel-spring\2.13.4\camel-spring-2.13.4.jar;C:\Users\GUR47640\.m2\repository\org\springframework\spring-context\3.2.0.RELEASE\spring-context-3.2.0.RELEASE.jar;C:\Users\GUR47640\.m2\repository\org\springframework\spring-aop\3.2.0.RELEASE\spring-aop-3.2.0.RELEASE.jar;C:\Users\GUR47640\.m2\repository\org\apache\camel\camel-http\2.13.4\camel-http-2.13.4.jar;C:\Users\GUR47640\.m2\repository\org\apache\geronimo\specs\geronimo-servlet_3.0_spec\1.0\geronimo-servlet_3.0_spec-1.0.jar;C:\Users\GUR47640\.m2\repository\commons-httpclient\commons-httpclient\3.1\commons-httpclient-3.1.jar;C:\Users\GUR47640\.m2\repository\org\apache\camel\camel-smpp\2.11.0\camel-smpp-2.11.0.jar;C:\Users\GUR47640\.m2\repository\org\apache\servicemix\bundles\org.apache.servicemix.bundles.jsmpp\2.1.0_6\org.apache.servicemix.bundles.jsmpp-2.1.0_6.jar;C:\Users\GUR47640\.m2\repository\org\apache\camel\camel-jms\2.13.4\camel-jms-2.13.4.jar;C:\Users\GUR47640\.m2\repository\org\springframework\spring-jms\3.2.11.RELEASE\spring-jms-3.2.11.RELEASE.jar;C:\Users\GUR47640\.m2\repository\org\springframework\spring-beans\3.2.0.RELEASE\spring-beans-3.2.0.RELEASE.jar;C:\Users\GUR47640\.m2\repository\org\apache\camel\camel-cdi\2.13.4\camel-cdi-2.13.4.jar;C:\Users\GUR47640\.m2\repository\org\apache\deltaspike\core\deltaspike-core-api\0.7\deltaspike-core-api-0.7.jar;C:\Users\GUR47640\.m2\repository\org\apache\deltaspike\core\deltaspike-core-impl\0.7\deltaspike-core-impl-0.7.jar;C:\Users\GUR47640\.m2\repository\org\apache\deltaspike\cdictrl\deltaspike-cdictrl-api\0.7\deltaspike-cdictrl-api-0.7.jar;C:\Users\GUR47640\.m2\repository\org\apache\camel\camel-servlet\2.13.4\camel-servlet-2.13.4.jar;C:\Users\GUR47640\.m2\repository\org\apache\camel\camel-jetty\2.13.4\camel-jetty-2.13.4.jar;C:\Users\GUR47640\.m2\repository\org\eclipse\jetty\jetty-server\8.1.14.v20131031\jetty-server-8.1.14.v20131031.jar;C:\Users\GUR47640\.m2\repository\org\eclipse\jetty\jetty-continuation\8.1.14.v20131031\jetty-continuation-8.1.14.v20131031.jar;C:\Users\GUR47640\.m2\repository\org\eclipse\jetty\jetty-http\8.1.14.v20131031\jetty-http-8.1.14.v20131031.jar;C:\Users\GUR47640\.m2\repository\org\eclipse\jetty\jetty-io\8.1.14.v20131031\jetty-io-8.1.14.v20131031.jar;C:\Users\GUR47640\.m2\repository\org\eclipse\jetty\jetty-servlet\8.1.14.v20131031\jetty-servlet-8.1.14.v20131031.jar;C:\Users\GUR47640\.m2\repository\org\eclipse\jetty\jetty-security\8.1.14.v20131031\jetty-security-8.1.14.v20131031.jar;C:\Users\GUR47640\.m2\repository\org\eclipse\jetty\jetty-servlets\8.1.14.v20131031\jetty-servlets-8.1.14.v20131031.jar;C:\Users\GUR47640\.m2\repository\org\eclipse\jetty\jetty-util\8.1.14.v20131031\jetty-util-8.1.14.v20131031.jar;C:\Users\GUR47640\.m2\repository\org\eclipse\jetty\jetty-client\8.1.14.v20131031\jetty-client-8.1.14.v20131031.jar;C:\Users\GUR47640\.m2\repository\org\eclipse\jetty\jetty-jmx\8.1.14.v20131031\jetty-jmx-8.1.14.v20131031.jar;C:\Users\GUR47640\.m2\repository\org\apache\camel\camel-mina2\2.13.4\camel-mina2-2.13.4.jar;C:\Users\GUR47640\.m2\repository\org\apache\mina\mina-core\2.0.7\mina-core-2.0.7.jar;C:\Users\GUR47640\.m2\repository\org\apache\camel\camel-ssh\2.13.4\camel-ssh-2.13.4.jar;C:\Users\GUR47640\.m2\repository\org\apache\sshd\sshd-core\0.10.1\sshd-core-0.10.1.jar;C:\Users\GUR47640\.m2\repository\org\bouncycastle\bcpg-jdk15on\1.51\bcpg-jdk15on-1.51.jar;C:\Users\GUR47640\.m2\repository\org\bouncycastle\bcprov-jdk15on\1.51\bcprov-jdk15on-1.51.jar;C:\Users\GUR47640\.m2\repository\org\bouncycastle\bcpkix-jdk15on\1.51\bcpkix-jdk15on-1.51.jar;C:\Users\GUR47640\.m2\repository\org\apache\camel\camel-netty\2.13.4\camel-netty-2.13.4.jar;C:\Users\GUR47640\.m2\repository\io\netty\netty\3.9.2.Final\netty-3.9.2.Final.jar;C:\Users\GUR47640\.m2\repository\commons-codec\commons-codec\20041127.091804\commons-codec-20041127.091804.jar;C:\Users\GUR47640\.m2\repository\org\apache\activemq\activemq-all\5.11.1\activemq-all-5.11.1.jar;C:\Users\GUR47640\.m2\repository\javax\javaee-api\6.0\javaee-api-6.0.jar;C:\Users\GUR47640\.m2\repository\commons-net\commons-net\3.3\commons-net-3.3.jar;C:\Users\GUR47640\.m2\repository\org\jboss\ejb3\jboss-ejb3-ext-api\2.1.0\jboss-ejb3-ext-api-2.1.0.jar;C:\Users\GUR47640\.m2\repository\uk\com\robust-it\cloning\1.9.2\cloning-1.9.2.jar;C:\Users\GUR47640\.m2\repository\com\fasterxml\jackson\core\jackson-databind\2.2.3\jackson-databind-2.2.3.jar;C:\Users\GUR47640\.m2\repository\com\fasterxml\jackson\core\jackson-annotations\2.2.3\jackson-annotations-2.2.3.jar;C:\Users\GUR47640\.m2\repository\com\fasterxml\jackson\core\jackson-core\2.2.3\jackson-core-2.2.3.jar;C:\Users\GUR47640\.m2\repository\org\json\json\20140107\json-20140107.jar;C:\Users\GUR47640\.m2\repository\org\codehaus\jackson\jackson-jaxrs\1.9.12\jackson-jaxrs-1.9.12.jar;C:\Users\GUR47640\.m2\repository\org\codehaus\jackson\jackson-core-asl\1.9.12\jackson-core-asl-1.9.12.jar;C:\Users\GUR47640\.m2\repository\org\codehaus\jackson\jackson-mapper-asl\1.9.12\jackson-mapper-asl-1.9.12.jar;C:\Users\GUR47640\.m2\repository\org\jboss\arquillian\junit\arquillian-junit-container\1.0.0.CR4\arquillian-junit-container-1.0.0.CR4.jar;C:\Users\GUR47640\.m2\repository\org\jboss\arquillian\junit\arquillian-junit-core\1.0.0.CR4\arquillian-junit-core-1.0.0.CR4.jar;C:\Users\GUR47640\.m2\repository\org\jboss\arquillian\test\arquillian-test-api\1.0.0.CR4\arquillian-test-api-1.0.0.CR4.jar;C:\Users\GUR47640\.m2\repository\org\jboss\arquillian\core\arquillian-core-api\1.0.0.CR4\arquillian-core-api-1.0.0.CR4.jar;C:\Users\GUR47640\.m2\repository\org\jboss\arquillian\test\arquillian-test-spi\1.0.0.CR4\arquillian-test-spi-1.0.0.CR4.jar;C:\Users\GUR47640\.m2\repository\org\jboss\arquillian\core\arquillian-core-spi\1.0.0.CR4\arquillian-core-spi-1.0.0.CR4.jar;C:\Users\GUR47640\.m2\repository\org\jboss\shrinkwrap\shrinkwrap-api\1.0.0-beta-5\shrinkwrap-api-1.0.0-beta-5.jar;C:\Users\GUR47640\.m2\repository\org\jboss\arquillian\container\arquillian-container-test-api\1.0.0.CR4\arquillian-container-test-api-1.0.0.CR4.jar;C:\Users\GUR47640\.m2\repository\org\jboss\arquillian\container\arquillian-container-test-spi\1.0.0.CR4\arquillian-container-test-spi-1.0.0.CR4.jar;C:\Users\GUR47640\.m2\repository\org\jboss\arquillian\container\arquillian-container-spi\1.0.0.CR4\arquillian-container-spi-1.0.0.CR4.jar;C:\Users\GUR47640\.m2\repository\org\jboss\shrinkwrap\descriptors\shrinkwrap-descriptors-api\1.1.0-alpha-2\shrinkwrap-descriptors-api-1.1.0-alpha-2.jar;C:\Users\GUR47640\.m2\repository\org\jboss\arquillian\core\arquillian-core-impl-base\1.0.0.CR4\arquillian-core-impl-base-1.0.0.CR4.jar;C:\Users\GUR47640\.m2\repository\org\jboss\arquillian\test\arquillian-test-impl-base\1.0.0.CR4\arquillian-test-impl-base-1.0.0.CR4.jar;C:\Users\GUR47640\.m2\repository\org\jboss\arquillian\container\arquillian-container-impl-base\1.0.0.CR4\arquillian-container-impl-base-1.0.0.CR4.jar;C:\Users\GUR47640\.m2\repository\org\jboss\arquillian\config\arquillian-config-api\1.0.0.CR4\arquillian-config-api-1.0.0.CR4.jar;C:\Users\GUR47640\.m2\repository\org\jboss\arquillian\config\arquillian-config-impl-base\1.0.0.CR4\arquillian-config-impl-base-1.0.0.CR4.jar;C:\Users\GUR47640\.m2\repository\org\jboss\shrinkwrap\descriptors\shrinkwrap-descriptors-spi\1.1.0-alpha-2\shrinkwrap-descriptors-spi-1.1.0-alpha-2.jar;C:\Users\GUR47640\.m2\repository\org\jboss\arquillian\container\arquillian-container-test-impl-base\1.0.0.CR4\arquillian-container-test-impl-base-1.0.0.CR4.jar;C:\Users\GUR47640\.m2\repository\org\jboss\shrinkwrap\shrinkwrap-impl-base\1.0.0-beta-5\shrinkwrap-impl-base-1.0.0-beta-5.jar;C:\Users\GUR47640\.m2\repository\org\jboss\shrinkwrap\shrinkwrap-spi\1.0.0-beta-5\shrinkwrap-spi-1.0.0-beta-5.jar;C:\Users\GUR47640\.m2\repository\org\jboss\as\jboss-as-clustering-singleton\7.3.0.Final-redhat-14\jboss-as-clustering-singleton-7.3.0.Final-redhat-14.jar;C:\Users\GUR47640\.m2\repository\org\jboss\as\jboss-as-clustering-service\7.3.0.Final-redhat-14\jboss-as-clustering-service-7.3.0.Final-redhat-14.jar;C:\Users\GUR47640\.m2\repository\org\jboss\as\jboss-as-clustering-impl\7.3.0.Final-redhat-14\jboss-as-clustering-impl-7.3.0.Final-redhat-14.jar;C:\Users\GUR47640\.m2\repository\org\jboss\as\jboss-as-clustering-infinispan\7.3.0.Final-redhat-14\jboss-as-clustering-infinispan-7.3.0.Final-redhat-14.jar;C:\Users\GUR47640\.m2\repository\org\jboss\as\jboss-as-clustering-api\7.3.0.Final-redhat-14\jboss-as-clustering-api-7.3.0.Final-redhat-14.jar;C:\Users\GUR47640\.m2\repository\org\jboss\as\jboss-as-clustering-jgroups\7.3.0.Final-redhat-14\jboss-as-clustering-jgroups-7.3.0.Final-redhat-14.jar;C:\Users\GUR47640\.m2\repository\org\jboss\as\jboss-as-clustering-common\7.3.0.Final-redhat-14\jboss-as-clustering-common-7.3.0.Final-redhat-14.jar;C:\Users\GUR47640\.m2\repository\org\jboss\jboss-dmr\1.2.0.Final-redhat-1\jboss-dmr-1.2.0.Final-redhat-1.jar;C:\Users\GUR47640\.m2\repository\org\jboss\as\jboss-as-network\7.3.0.Final-redhat-14\jboss-as-network-7.3.0.Final-redhat-14.jar;C:\Users\GUR47640\.m2\repository\org\jboss\as\jboss-as-server\7.3.0.Final-redhat-14\jboss-as-server-7.3.0.Final-redhat-14.jar;C:\Users\GUR47640\.m2\repository\org\jboss\as\jboss-as-domain-http-interface\7.3.0.Final-redhat-14\jboss-as-domain-http-interface-7.3.0.Final-redhat-14.jar;C:\Users\GUR47640\.m2\repository\org\jboss\as\jboss-as-domain-management\7.3.0.Final-redhat-14\jboss-as-domain-management-7.3.0.Final-redhat-14.jar;C:\Users\GUR47640\.m2\repository\org\jboss\com\sun\httpserver\httpserver\1.0.1.Final-redhat-3\httpserver-1.0.1.Final-redhat-3.jar;C:\Users\GUR47640\.m2\repository\org\jboss\as\jboss-as-deployment-repository\7.3.0.Final-redhat-14\jboss-as-deployment-repository-7.3.0.Final-redhat-14.jar;C:\Users\GUR47640\.m2\repository\org\jboss\as\jboss-as-protocol\7.3.0.Final-redhat-14\jboss-as-protocol-7.3.0.Final-redhat-14.jar;C:\Users\GUR47640\.m2\repository\org\jboss\as\jboss-as-platform-mbean\7.3.0.Final-redhat-14\jboss-as-platform-mbean-7.3.0.Final-redhat-14.jar;C:\Users\GUR47640\.m2\repository\org\jboss\as\jboss-as-process-controller\7.3.0.Final-redhat-14\jboss-as-process-controller-7.3.0.Final-redhat-14.jar;C:\Users\GUR47640\.m2\repository\org\jboss\as\jboss-as-remoting\7.3.0.Final-redhat-14\jboss-as-remoting-7.3.0.Final-redhat-14.jar;C:\Users\GUR47640\.m2\repository\org\jboss\as\jboss-as-version\7.3.0.Final-redhat-14\jboss-as-version-7.3.0.Final-redhat-14.jar;C:\Users\GUR47640\.m2\repository\org\jboss\jandex\1.0.3.Final-redhat-2\jandex-1.0.3.Final-redhat-2.jar;C:\Users\GUR47640\.m2\repository\org\jboss\logmanager\jboss-logmanager\1.5.1.Final-redhat-1\jboss-logmanager-1.5.1.Final-redhat-1.jar;C:\Users\GUR47640\.m2\repository\org\jboss\logmanager\log4j-jboss-logmanager\1.0.2.Final-redhat-1\log4j-jboss-logmanager-1.0.2.Final-redhat-1.jar;C:\Users\GUR47640\.m2\repository\org\jboss\modules\jboss-modules\1.3.0.Final-redhat-2\jboss-modules-1.3.0.Final-redhat-2.jar;C:\Users\GUR47640\.m2\repository\org\jboss\stdio\jboss-stdio\1.0.2.GA-redhat-1\jboss-stdio-1.0.2.GA-redhat-1.jar;C:\Users\GUR47640\.m2\repository\org\jboss\jboss-vfs\3.2.2.Final-redhat-1\jboss-vfs-3.2.2.Final-redhat-1.jar;C:\Users\GUR47640\.m2\repository\org\jboss\as\jboss-as-ee\7.3.0.Final-redhat-14\jboss-as-ee-7.3.0.Final-redhat-14.jar;C:\Users\GUR47640\.m2\repository\org\jboss\metadata\jboss-metadata-common\7.0.8.Final-redhat-1\jboss-metadata-common-7.0.8.Final-redhat-1.jar;C:\Users\GUR47640\.m2\repository\org\jboss\spec\javax\xml\bind\jboss-jaxb-api_2.2_spec\1.0.2.Final\jboss-jaxb-api_2.2_spec-1.0.2.Final.jar;C:\Users\GUR47640\.m2\repository\org\jboss\metadata\jboss-metadata-ear\7.0.8.Final-redhat-1\jboss-metadata-ear-7.0.8.Final-redhat-1.jar;C:\Users\GUR47640\.m2\repository\org\jboss\msc\jboss-msc\1.0.4.GA-redhat-1\jboss-msc-1.0.4.GA-redhat-1.jar;C:\Users\GUR47640\.m2\repository\org\jboss\spec\javax\annotation\jboss-annotations-api_1.1_spec\1.0.0.Final\jboss-annotations-api_1.1_spec-1.0.0.Final.jar;C:\Users\GUR47640\.m2\repository\org\jboss\invocation\jboss-invocation\1.1.2.Final-redhat-1\jboss-invocation-1.1.2.Final-redhat-1.jar;C:\Users\GUR47640\.m2\repository\org\jboss\as\jboss-as-naming\7.3.0.Final-redhat-14\jboss-as-naming-7.3.0.Final-redhat-14.jar;C:\Users\GUR47640\.m2\repository\org\jboss\jboss-remote-naming\1.0.7.Final-redhat-1\jboss-remote-naming-1.0.7.Final-redhat-1.jar;C:\Users\GUR47640\.m2\repository\org\jboss\jboss-ejb-client\1.0.13.Final\jboss-ejb-client-1.0.13.Final.jar;C:\Users\GUR47640\.m2\repository\org\jboss\as\jboss-as-jmx\7.3.0.Final-redhat-14\jboss-as-jmx-7.3.0.Final-redhat-14.jar;C:\Users\GUR47640\.m2\repository\org\jboss\jboss-common-core\2.2.17.GA-redhat-2\jboss-common-core-2.2.17.GA-redhat-2.jar;C:\Users\GUR47640\.m2\repository\org\jboss\remotingjmx\remoting-jmx\1.1.2.Final-redhat-1\remoting-jmx-1.1.2.Final-redhat-1.jar;C:\Users\GUR47640\.m2\repository\org\jboss\xnio\xnio-nio\3.0.7.GA\xnio-nio-3.0.7.GA.jar;C:\Users\GUR47640\.m2\repository\org\jboss\as\jboss-as-threads\7.3.0.Final-redhat-14\jboss-as-threads-7.3.0.Final-redhat-14.jar;C:\Users\GUR47640\.m2\repository\org\jboss\as\jboss-as-controller\7.3.0.Final-redhat-14\jboss-as-controller-7.3.0.Final-redhat-14.jar;C:\Users\GUR47640\.m2\repository\org\jboss\as\jboss-as-controller-client\7.3.0.Final-redhat-14\jboss-as-controller-client-7.3.0.Final-redhat-14.jar;C:\Users\GUR47640\.m2\repository\org\wildfly\wildfly-core-security\7.3.0.Final-redhat-14\wildfly-core-security-7.3.0.Final-redhat-14.jar;C:\Users\GUR47640\.m2\repository\org\jboss\staxmapper\1.1.0.Final-redhat-2\staxmapper-1.1.0.Final-redhat-2.jar;C:\Users\GUR47640\.m2\repository\org\jboss\threads\jboss-threads\2.1.1.Final-redhat-1\jboss-threads-2.1.1.Final-redhat-1.jar;C:\Users\GUR47640\.m2\repository\org\jboss\as\jboss-as-transactions\7.3.0.Final-redhat-14\jboss-as-transactions-7.3.0.Final-redhat-14.jar;C:\Users\GUR47640\.m2\repository\org\jboss\as\jboss-as-jacorb\7.3.0.Final-redhat-14\jboss-as-jacorb-7.3.0.Final-redhat-14.jar;C:\Users\GUR47640\.m2\repository\org\jboss\spec\javax\rmi\jboss-rmi-api_1.0_spec\1.0.4.Final-redhat-2\jboss-rmi-api_1.0_spec-1.0.4.Final-redhat-2.jar;C:\Users\GUR47640\.m2\repository\org\jboss\metadata\jboss-metadata-ejb\7.0.8.Final-redhat-1\jboss-metadata-ejb-7.0.8.Final-redhat-1.jar;C:\Users\GUR47640\.m2\repository\org\picketbox\picketbox\4.0.19.SP2-redhat-1\picketbox-4.0.19.SP2-redhat-1.jar;C:\Users\GUR47640\.m2\repository\org\jacorb\jacorb\2.3.2.redhat-5\jacorb-2.3.2.redhat-5.jar;C:\Users\GUR47640\.m2\repository\org\jboss\jboss-transaction-spi\7.0.0.Final-redhat-2\jboss-transaction-spi-7.0.0.Final-redhat-2.jar;C:\Users\GUR47640\.m2\repository\org\jboss\jbossts\jts\jbossjts-jacorb\4.17.15.Final-redhat-4\jbossjts-jacorb-4.17.15.Final-redhat-4.jar;C:\Users\GUR47640\.m2\repository\org\hornetq\hornetq-journal\2.3.12.Final-redhat-1\hornetq-journal-2.3.12.Final-redhat-1.jar;C:\Users\GUR47640\.m2\repository\org\hornetq\hornetq-commons\2.3.12.Final-redhat-1\hornetq-commons-2.3.12.Final-redhat-1.jar;C:\Users\GUR47640\.m2\repository\org\jboss\jbossts\jts\jbossjts-integration\4.17.15.Final-redhat-4\jbossjts-integration-4.17.15.Final-redhat-4.jar;C:\Users\GUR47640\.m2\repository\org\jboss\spec\javax\resource\jboss-connector-api_1.6_spec\1.0.0.Final\jboss-connector-api_1.6_spec-1.0.0.Final.jar;C:\Users\GUR47640\.m2\repository\org\infinispan\infinispan-core\5.2.7.Final-redhat-2\infinispan-core-5.2.7.Final-redhat-2.jar;C:\Users\GUR47640\.m2\repository\org\infinispan\infinispan-cachestore-jdbc\5.2.7.Final-redhat-2\infinispan-cachestore-jdbc-5.2.7.Final-redhat-2.jar;C:\Users\GUR47640\.m2\repository\org\infinispan\infinispan-cachestore-remote\5.2.7.Final-redhat-2\infinispan-cachestore-remote-5.2.7.Final-redhat-2.jar;C:\Users\GUR47640\.m2\repository\net\jcip\jcip-annotations\1.0.redhat-6\jcip-annotations-1.0.redhat-6.jar;C:\Program Files\Java\jdk1.7.0_80\jre\..\lib\tools.jar;C:\Users\GUR47640\.m2\repository\org\jboss\as\jboss-as-build-config\7.3.0.Final-redhat-14\jboss-as-build-config-7.3.0.Final-redhat-14.jar;C:\Users\GUR47640\.m2\repository\org\jboss\remoting3\jboss-remoting\3.2.18.GA\jboss-remoting-3.2.18.GA.jar;C:\Users\GUR47640\.m2\repository\org\jboss\logging\jboss-logging\3.1.0.GA\jboss-logging-3.1.0.GA.jar;C:\Users\GUR47640\.m2\repository\org\jboss\xnio\xnio-api\3.0.7.GA\xnio-api-3.0.7.GA.jar;C:\Users\GUR47640\.m2\repository\org\jboss\sasl\jboss-sasl\1.0.3.Final\jboss-sasl-1.0.3.Final.jar;C:\Users\GUR47640\.m2\repository\org\jboss\marshalling\jboss-marshalling-river\1.4.2.Final\jboss-marshalling-river-1.4.2.Final.jar;C:\Users\GUR47640\.m2\repository\org\jboss\marshalling\jboss-marshalling\1.4.2.Final\jboss-marshalling-1.4.2.Final.jar;C:\Users\GUR47640\.m2\repository\commons-validator\commons-validator\1.6\commons-validator-1.6.jar;C:\Users\GUR47640\.m2\repository\commons-beanutils\commons-beanutils\1.9.2\commons-beanutils-1.9.2.jar;C:\Users\GUR47640\.m2\repository\commons-digester\commons-digester\1.8.1\commons-digester-1.8.1.jar;C:\Users\GUR47640\.m2\repository\commons-logging\commons-logging\1.2\commons-logging-1.2.jar;C:\Users\GUR47640\.m2\repository\commons-collections\commons-collections\3.2.1\commons-collections-3.2.1.jar;C:\Users\GUR47640\.m2\repository\org\infinispan\infinispan-client-hotrod\7.2.3.Final\infinispan-client-hotrod-7.2.3.Final.jar;C:\Users\GUR47640\.m2\repository\org\infinispan\infinispan-commons\7.2.3.Final\infinispan-commons-7.2.3.Final.jar;C:\Users\GUR47640\.m2\repository\commons-pool\commons-pool\1.6\commons-pool-1.6.jar;"/>
    <property name="java.vm.specification.version" value="1.7"/>
    <property name="sun.arch.data.model" value="64"/>
    <property name="java.home" value="C:\Program Files\Java\jdk1.7.0_80\jre"/>
    <property name="sun.java.command" value="C:\Users\GUR47640\AppData\Local\Temp\surefirebooter8004381340700694903.jar C:\Users\GUR47640\AppData\Local\Temp\surefire154581287658734779tmp C:\Users\GUR47640\AppData\Local\Temp\surefire6917620096882503588tmp"/>
    <property name="java.specification.vendor" value="Oracle Corporation"/>
    <property name="user.language" value="en"/>
    <property name="awt.toolkit" value="sun.awt.windows.WToolkit"/>
    <property name="java.vm.info" value="mixed mode"/>
    <property name="java.version" value="1.7.0_80"/>
    <property name="java.ext.dirs" value="C:\Program Files\Java\jdk1.7.0_80\jre\lib\ext;C:\WINDOWS\Sun\Java\lib\ext"/>
    <property name="sun.boot.class.path" value="C:\Program Files\Java\jdk1.7.0_80\jre\lib\resources.jar;C:\Program Files\Java\jdk1.7.0_80\jre\lib\rt.jar;C:\Program Files\Java\jdk1.7.0_80\jre\lib\sunrsasign.jar;C:\Program Files\Java\jdk1.7.0_80\jre\lib\jsse.jar;C:\Program Files\Java\jdk1.7.0_80\jre\lib\jce.jar;C:\Program Files\Java\jdk1.7.0_80\jre\lib\charsets.jar;C:\Program Files\Java\jdk1.7.0_80\jre\lib\jfr.jar;C:\Program Files\Java\jdk1.7.0_80\jre\classes"/>
    <property name="java.vendor" value="Oracle Corporation"/>
    <property name="localRepository" value="C:\Users\GUR47640\.m2\repository"/>
    <property name="file.separator" value="\"/>
    <property name="java.vendor.url.bug" value="http://bugreport.sun.com/bugreport/"/>
    <property name="sun.cpu.endian" value="little"/>
    <property name="sun.io.unicode.encoding" value="UnicodeLittle"/>
    <property name="sun.desktop" value="windows"/>
    <property name="sun.cpu.isalist" value="amd64"/>
  </properties>
  <testcase time="0.993" classname="com.ericsson.fdp.command.rollback.cai.TestAddBlackBerryRollBack" name="testexecute"/>
</testsuite>